<?xml version="1.0" encoding="UTF-8"?>
<coverage generated="1765552484096" clover="3.2.0">
  <project timestamp="1765552484096" name="All files">
    <metrics statements="83" coveredstatements="80" conditionals="81" coveredconditionals="68" methods="11" coveredmethods="11" elements="175" coveredelements="159" complexity="0" loc="83" ncloc="83" packages="1" files="10" classes="10"/>
    <file name="add.js" path="C:\kurssit\test\SE200---Utility-library-tests\src\add.js">
      <metrics statements="1" coveredstatements="1" conditionals="0" coveredconditionals="0" methods="1" coveredmethods="1"/>
      <line num="16" count="6" type="stmt"/>
    </file>
    <file name="capitalize.js" path="C:\kurssit\test\SE200---Utility-library-tests\src\capitalize.js">
      <metrics statements="1" coveredstatements="1" conditionals="0" coveredconditionals="0" methods="1" coveredmethods="1"/>
      <line num="17" count="3" type="stmt"/>
    </file>
    <file name="chunk.js" path="C:\kurssit\test\SE200---Utility-library-tests\src\chunk.js">
      <metrics statements="10" coveredstatements="10" conditionals="7" coveredconditionals="7" methods="1" coveredmethods="1"/>
      <line num="23" count="11" type="stmt"/>
      <line num="24" count="11" type="cond" truecount="2" falsecount="0"/>
      <line num="25" count="11" type="cond" truecount="4" falsecount="0"/>
      <line num="26" count="2" type="stmt"/>
      <line num="28" count="9" type="stmt"/>
      <line num="29" count="9" type="stmt"/>
      <line num="30" count="9" type="stmt"/>
      <line num="32" count="9" type="stmt"/>
      <line num="33" count="21" type="stmt"/>
      <line num="35" count="9" type="stmt"/>
    </file>
    <file name="eq.js" path="C:\kurssit\test\SE200---Utility-library-tests\src\eq.js">
      <metrics statements="1" coveredstatements="1" conditionals="3" coveredconditionals="3" methods="1" coveredmethods="1"/>
      <line num="32" count="13" type="cond" truecount="3" falsecount="0"/>
    </file>
    <file name="filter.js" path="C:\kurssit\test\SE200---Utility-library-tests\src\filter.js">
      <metrics statements="9" coveredstatements="9" conditionals="4" coveredconditionals="4" methods="1" coveredmethods="1"/>
      <line num="25" count="10" type="stmt"/>
      <line num="26" count="10" type="stmt"/>
      <line num="27" count="10" type="cond" truecount="2" falsecount="0"/>
      <line num="28" count="10" type="stmt"/>
      <line num="30" count="10" type="stmt"/>
      <line num="31" count="64" type="stmt"/>
      <line num="32" count="64" type="cond" truecount="2" falsecount="0"/>
      <line num="33" count="23" type="stmt"/>
      <line num="36" count="10" type="stmt"/>
    </file>
    <file name="isEmpty.js" path="C:\kurssit\test\SE200---Utility-library-tests\src\isEmpty.js">
      <metrics statements="14" coveredstatements="13" conditionals="19" coveredconditionals="16" methods="1" coveredmethods="1"/>
      <line num="9" count="1" type="stmt"/>
      <line num="46" count="22" type="cond" truecount="2" falsecount="0"/>
      <line num="47" count="2" type="stmt"/>
      <line num="49" count="20" type="cond" truecount="8" falsecount="1"/>
      <line num="52" count="5" type="stmt"/>
      <line num="54" count="15" type="stmt"/>
      <line num="55" count="15" type="cond" truecount="4" falsecount="0"/>
      <line num="56" count="4" type="stmt"/>
      <line num="58" count="11" type="cond" truecount="1" falsecount="1"/>
      <line num="59" count="0" type="stmt"/>
      <line num="61" count="11" type="stmt"/>
      <line num="62" count="2" type="cond" truecount="1" falsecount="1"/>
      <line num="63" count="2" type="stmt"/>
      <line num="66" count="9" type="stmt"/>
    </file>
    <file name="map.js" path="C:\kurssit\test\SE200---Utility-library-tests\src\map.js">
      <metrics statements="6" coveredstatements="6" conditionals="2" coveredconditionals="2" methods="1" coveredmethods="1"/>
      <line num="20" count="8" type="stmt"/>
      <line num="21" count="8" type="cond" truecount="2" falsecount="0"/>
      <line num="22" count="8" type="stmt"/>
      <line num="24" count="8" type="stmt"/>
      <line num="25" count="14" type="stmt"/>
      <line num="27" count="8" type="stmt"/>
    </file>
    <file name="slice.js" path="C:\kurssit\test\SE200---Utility-library-tests\src\slice.js">
      <metrics statements="16" coveredstatements="15" conditionals="16" coveredconditionals="14" methods="1" coveredmethods="1"/>
      <line num="22" count="30" type="cond" truecount="2" falsecount="0"/>
      <line num="23" count="30" type="cond" truecount="2" falsecount="0"/>
      <line num="24" count="1" type="stmt"/>
      <line num="26" count="29" type="cond" truecount="2" falsecount="0"/>
      <line num="27" count="29" type="cond" truecount="2" falsecount="0"/>
      <line num="29" count="29" type="cond" truecount="2" falsecount="0"/>
      <line num="30" count="1" type="cond" truecount="1" falsecount="1"/>
      <line num="32" count="29" type="cond" truecount="1" falsecount="1"/>
      <line num="33" count="0" type="stmt"/>
      <line num="35" count="29" type="cond" truecount="2" falsecount="0"/>
      <line num="36" count="29" type="stmt"/>
      <line num="38" count="29" type="stmt"/>
      <line num="39" count="29" type="stmt"/>
      <line num="40" count="29" type="stmt"/>
      <line num="41" count="52" type="stmt"/>
      <line num="43" count="29" type="stmt"/>
    </file>
    <file name="toNumber.js" path="C:\kurssit\test\SE200---Utility-library-tests\src\toNumber.js">
      <metrics statements="18" coveredstatements="18" conditionals="22" coveredconditionals="18" methods="1" coveredmethods="1"/>
      <line num="5" count="2" type="stmt"/>
      <line num="8" count="2" type="stmt"/>
      <line num="11" count="2" type="stmt"/>
      <line num="14" count="2" type="stmt"/>
      <line num="17" count="2" type="stmt"/>
      <line num="20" count="2" type="stmt"/>
      <line num="45" count="32" type="cond" truecount="2" falsecount="0"/>
      <line num="46" count="18" type="stmt"/>
      <line num="48" count="14" type="cond" truecount="2" falsecount="0"/>
      <line num="49" count="1" type="stmt"/>
      <line num="51" count="13" type="cond" truecount="2" falsecount="0"/>
      <line num="52" count="4" type="cond" truecount="1" falsecount="1"/>
      <line num="53" count="4" type="cond" truecount="2" falsecount="0"/>
      <line num="55" count="13" type="cond" truecount="2" falsecount="0"/>
      <line num="56" count="3" type="cond" truecount="1" falsecount="1"/>
      <line num="58" count="10" type="stmt"/>
      <line num="59" count="10" type="stmt"/>
      <line num="60" count="10" type="cond" truecount="4" falsecount="0"/>
    </file>
    <file name="words.js" path="C:\kurssit\test\SE200---Utility-library-tests\src\words.js">
      <metrics statements="7" coveredstatements="6" conditionals="8" coveredconditionals="4" methods="2" coveredmethods="2"/>
      <line num="3" count="1" type="stmt"/>
      <line num="8" count="1" type="stmt"/>
      <line num="11" count="1" type="stmt"/>
      <line num="31" count="2" type="cond" truecount="1" falsecount="1"/>
      <line num="32" count="2" type="cond" truecount="2" falsecount="0"/>
      <line num="33" count="2" type="cond" truecount="1" falsecount="1"/>
      <line num="35" count="0" type="cond" truecount="0" falsecount="2"/>
    </file>
  </project>
</coverage>
