<?xml version="1.0" encoding="UTF-8"?>
<coverage generated="1765295284410" clover="3.2.0">
  <project timestamp="1765295284410" name="All files">
    <metrics statements="83" coveredstatements="31" conditionals="81" coveredconditionals="14" methods="11" coveredmethods="3" elements="175" coveredelements="48" complexity="0" loc="83" ncloc="83" packages="1" files="10" classes="10"/>
    <file name="add.js" path="E:\aaatuni\roadtotieteenmestari\testing\SE200---Utility-library-tests\src\add.js">
      <metrics statements="1" coveredstatements="0" conditionals="0" coveredconditionals="0" methods="1" coveredmethods="0"/>
      <line num="16" count="0" type="stmt"/>
    </file>
    <file name="capitalize.js" path="E:\aaatuni\roadtotieteenmestari\testing\SE200---Utility-library-tests\src\capitalize.js">
      <metrics statements="1" coveredstatements="0" conditionals="0" coveredconditionals="0" methods="1" coveredmethods="0"/>
      <line num="17" count="0" type="stmt"/>
    </file>
    <file name="chunk.js" path="E:\aaatuni\roadtotieteenmestari\testing\SE200---Utility-library-tests\src\chunk.js">
      <metrics statements="10" coveredstatements="10" conditionals="7" coveredconditionals="6" methods="1" coveredmethods="1"/>
      <line num="23" count="10" type="stmt"/>
      <line num="24" count="10" type="cond" truecount="1" falsecount="1"/>
      <line num="25" count="10" type="cond" truecount="4" falsecount="0"/>
      <line num="26" count="2" type="stmt"/>
      <line num="28" count="8" type="stmt"/>
      <line num="29" count="8" type="stmt"/>
      <line num="30" count="8" type="stmt"/>
      <line num="32" count="8" type="stmt"/>
      <line num="33" count="15" type="stmt"/>
      <line num="35" count="8" type="stmt"/>
    </file>
    <file name="eq.js" path="E:\aaatuni\roadtotieteenmestari\testing\SE200---Utility-library-tests\src\eq.js">
      <metrics statements="1" coveredstatements="0" conditionals="3" coveredconditionals="0" methods="1" coveredmethods="0"/>
      <line num="32" count="0" type="cond" truecount="0" falsecount="3"/>
    </file>
    <file name="filter.js" path="E:\aaatuni\roadtotieteenmestari\testing\SE200---Utility-library-tests\src\filter.js">
      <metrics statements="9" coveredstatements="0" conditionals="4" coveredconditionals="0" methods="1" coveredmethods="0"/>
      <line num="25" count="0" type="stmt"/>
      <line num="26" count="0" type="stmt"/>
      <line num="27" count="0" type="cond" truecount="0" falsecount="2"/>
      <line num="28" count="0" type="stmt"/>
      <line num="30" count="0" type="stmt"/>
      <line num="31" count="0" type="stmt"/>
      <line num="32" count="0" type="cond" truecount="0" falsecount="2"/>
      <line num="33" count="0" type="stmt"/>
      <line num="36" count="0" type="stmt"/>
    </file>
    <file name="isEmpty.js" path="E:\aaatuni\roadtotieteenmestari\testing\SE200---Utility-library-tests\src\isEmpty.js">
      <metrics statements="14" coveredstatements="0" conditionals="19" coveredconditionals="0" methods="1" coveredmethods="0"/>
      <line num="9" count="0" type="stmt"/>
      <line num="46" count="0" type="cond" truecount="0" falsecount="2"/>
      <line num="47" count="0" type="stmt"/>
      <line num="49" count="0" type="cond" truecount="0" falsecount="9"/>
      <line num="52" count="0" type="stmt"/>
      <line num="54" count="0" type="stmt"/>
      <line num="55" count="0" type="cond" truecount="0" falsecount="4"/>
      <line num="56" count="0" type="stmt"/>
      <line num="58" count="0" type="cond" truecount="0" falsecount="2"/>
      <line num="59" count="0" type="stmt"/>
      <line num="61" count="0" type="stmt"/>
      <line num="62" count="0" type="cond" truecount="0" falsecount="2"/>
      <line num="63" count="0" type="stmt"/>
      <line num="66" count="0" type="stmt"/>
    </file>
    <file name="map.js" path="E:\aaatuni\roadtotieteenmestari\testing\SE200---Utility-library-tests\src\map.js">
      <metrics statements="6" coveredstatements="0" conditionals="2" coveredconditionals="0" methods="1" coveredmethods="0"/>
      <line num="20" count="0" type="stmt"/>
      <line num="21" count="0" type="cond" truecount="0" falsecount="2"/>
      <line num="22" count="0" type="stmt"/>
      <line num="24" count="0" type="stmt"/>
      <line num="25" count="0" type="stmt"/>
      <line num="27" count="0" type="stmt"/>
    </file>
    <file name="slice.js" path="E:\aaatuni\roadtotieteenmestari\testing\SE200---Utility-library-tests\src\slice.js">
      <metrics statements="16" coveredstatements="13" conditionals="16" coveredconditionals="7" methods="1" coveredmethods="1"/>
      <line num="22" count="15" type="cond" truecount="1" falsecount="1"/>
      <line num="23" count="15" type="cond" truecount="1" falsecount="1"/>
      <line num="24" count="0" type="stmt"/>
      <line num="26" count="15" type="cond" truecount="1" falsecount="1"/>
      <line num="27" count="15" type="cond" truecount="1" falsecount="1"/>
      <line num="29" count="15" type="cond" truecount="1" falsecount="1"/>
      <line num="30" count="0" type="cond" truecount="0" falsecount="2"/>
      <line num="32" count="15" type="cond" truecount="1" falsecount="1"/>
      <line num="33" count="0" type="stmt"/>
      <line num="35" count="15" type="cond" truecount="1" falsecount="1"/>
      <line num="36" count="15" type="stmt"/>
      <line num="38" count="15" type="stmt"/>
      <line num="39" count="15" type="stmt"/>
      <line num="40" count="15" type="stmt"/>
      <line num="41" count="30" type="stmt"/>
      <line num="43" count="15" type="stmt"/>
    </file>
    <file name="toNumber.js" path="E:\aaatuni\roadtotieteenmestari\testing\SE200---Utility-library-tests\src\toNumber.js">
      <metrics statements="18" coveredstatements="8" conditionals="22" coveredconditionals="1" methods="1" coveredmethods="1"/>
      <line num="5" count="1" type="stmt"/>
      <line num="8" count="1" type="stmt"/>
      <line num="11" count="1" type="stmt"/>
      <line num="14" count="1" type="stmt"/>
      <line num="17" count="1" type="stmt"/>
      <line num="20" count="1" type="stmt"/>
      <line num="45" count="10" type="cond" truecount="1" falsecount="1"/>
      <line num="46" count="10" type="stmt"/>
      <line num="48" count="0" type="cond" truecount="0" falsecount="2"/>
      <line num="49" count="0" type="stmt"/>
      <line num="51" count="0" type="cond" truecount="0" falsecount="2"/>
      <line num="52" count="0" type="cond" truecount="0" falsecount="2"/>
      <line num="53" count="0" type="cond" truecount="0" falsecount="2"/>
      <line num="55" count="0" type="cond" truecount="0" falsecount="2"/>
      <line num="56" count="0" type="cond" truecount="0" falsecount="2"/>
      <line num="58" count="0" type="stmt"/>
      <line num="59" count="0" type="stmt"/>
      <line num="60" count="0" type="cond" truecount="0" falsecount="4"/>
    </file>
    <file name="words.js" path="E:\aaatuni\roadtotieteenmestari\testing\SE200---Utility-library-tests\src\words.js">
      <metrics statements="7" coveredstatements="0" conditionals="8" coveredconditionals="0" methods="2" coveredmethods="0"/>
      <line num="3" count="0" type="stmt"/>
      <line num="8" count="0" type="stmt"/>
      <line num="11" count="0" type="stmt"/>
      <line num="31" count="0" type="cond" truecount="0" falsecount="2"/>
      <line num="32" count="0" type="cond" truecount="0" falsecount="2"/>
      <line num="33" count="0" type="cond" truecount="0" falsecount="2"/>
      <line num="35" count="0" type="cond" truecount="0" falsecount="2"/>
    </file>
  </project>
</coverage>
