TN:
SF:src\add.js
FN:16,(anonymous_0)
FNF:1
FNH:1
FNDA:6,(anonymous_0)
DA:16,6
LF:1
LH:1
BRF:0
BRH:0
end_of_record
TN:
SF:src\capitalize.js
FN:17,(anonymous_0)
FNF:1
FNH:1
FNDA:3,(anonymous_0)
DA:17,3
LF:1
LH:1
BRF:0
BRH:0
end_of_record
TN:
SF:src\chunk.js
FN:22,chunk
FNF:1
FNH:1
FNDA:11,chunk
DA:23,11
DA:24,11
DA:25,11
DA:26,2
DA:28,9
DA:29,9
DA:30,9
DA:32,9
DA:33,21
DA:35,9
LF:10
LH:10
BRDA:22,0,0,1
BRDA:24,1,0,1
BRDA:24,1,1,10
BRDA:25,2,0,2
BRDA:25,2,1,9
BRDA:25,3,0,11
BRDA:25,3,1,9
BRF:7
BRH:7
end_of_record
TN:
SF:src\eq.js
FN:31,eq
FNF:1
FNH:1
FNDA:13,eq
DA:32,13
LF:1
LH:1
BRDA:32,0,0,13
BRDA:32,0,1,5
BRDA:32,0,2,1
BRF:3
BRH:3
end_of_record
TN:
SF:src\filter.js
FN:24,filter
FNF:1
FNH:1
FNDA:5,filter
DA:25,5
DA:26,5
DA:27,5
DA:28,5
DA:30,5
DA:31,16
DA:32,16
DA:33,6
DA:36,5
LF:9
LH:9
BRDA:27,0,0,0
BRDA:27,0,1,5
BRDA:32,1,0,6
BRDA:32,1,1,10
BRF:4
BRH:3
end_of_record
TN:
SF:src\isEmpty.js
FN:45,isEmpty
FNF:1
FNH:1
FNDA:22,isEmpty
DA:9,1
DA:46,22
DA:47,2
DA:49,20
DA:52,5
DA:54,15
DA:55,15
DA:56,4
DA:58,11
DA:59,0
DA:61,11
DA:62,2
DA:63,2
DA:66,9
LF:14
LH:13
BRDA:46,0,0,2
BRDA:46,0,1,20
BRDA:49,1,0,5
BRDA:49,1,1,15
BRDA:49,2,0,20
BRDA:49,2,1,5
BRDA:49,2,2,4
BRDA:49,2,3,1
BRDA:49,2,4,1
BRDA:49,2,5,1
BRDA:49,2,6,0
BRDA:55,3,0,4
BRDA:55,3,1,11
BRDA:55,4,0,15
BRDA:55,4,1,13
BRDA:58,5,0,0
BRDA:58,5,1,11
BRDA:62,6,0,2
BRDA:62,6,1,0
BRF:19
BRH:16
end_of_record
TN:
SF:src\map.js
FN:19,map
FNF:1
FNH:1
FNDA:8,map
DA:20,8
DA:21,8
DA:22,8
DA:24,8
DA:25,14
DA:27,8
LF:6
LH:6
BRDA:21,0,0,2
BRDA:21,0,1,6
BRF:2
BRH:2
end_of_record
TN:
SF:src\slice.js
FN:21,slice
FNF:1
FNH:1
FNDA:30,slice
DA:22,30
DA:23,30
DA:24,1
DA:26,29
DA:27,29
DA:29,29
DA:30,1
DA:32,29
DA:33,0
DA:35,29
DA:36,29
DA:38,29
DA:39,29
DA:40,29
DA:41,52
DA:43,29
LF:16
LH:15
BRDA:22,0,0,1
BRDA:22,0,1,29
BRDA:23,1,0,1
BRDA:23,1,1,29
BRDA:26,2,0,1
BRDA:26,2,1,28
BRDA:27,3,0,4
BRDA:27,3,1,25
BRDA:29,4,0,1
BRDA:29,4,1,28
BRDA:30,5,0,1
BRDA:30,5,1,0
BRDA:32,6,0,0
BRDA:32,6,1,29
BRDA:35,7,0,2
BRDA:35,7,1,27
BRF:16
BRH:14
end_of_record
TN:
SF:src\toNumber.js
FN:44,toNumber
FNF:1
FNH:1
FNDA:32,toNumber
DA:5,2
DA:8,2
DA:11,2
DA:14,2
DA:17,2
DA:20,2
DA:45,32
DA:46,18
DA:48,14
DA:49,1
DA:51,13
DA:52,4
DA:53,4
DA:55,13
DA:56,3
DA:58,10
DA:59,10
DA:60,10
LF:18
LH:18
BRDA:45,0,0,18
BRDA:45,0,1,14
BRDA:48,1,0,1
BRDA:48,1,1,13
BRDA:51,2,0,4
BRDA:51,2,1,9
BRDA:52,3,0,4
BRDA:52,3,1,0
BRDA:53,4,0,1
BRDA:53,4,1,3
BRDA:55,5,0,3
BRDA:55,5,1,10
BRDA:56,6,0,0
BRDA:56,6,1,3
BRDA:60,7,0,4
BRDA:60,7,1,6
BRDA:60,8,0,10
BRDA:60,8,1,6
BRDA:61,9,0,4
BRDA:61,9,1,0
BRDA:62,10,0,0
BRDA:62,10,1,6
BRF:22
BRH:18
end_of_record
TN:
SF:src\words.js
FN:10,asciiWords
FN:30,words
FNF:2
FNH:2
FNDA:1,asciiWords
FNDA:2,words
DA:3,1
DA:8,1
DA:11,1
DA:31,2
DA:32,2
DA:33,2
DA:35,0
LF:7
LH:6
BRDA:31,0,0,2
BRDA:31,0,1,0
BRDA:32,1,0,1
BRDA:32,1,1,1
BRDA:33,2,0,2
BRDA:33,2,1,0
BRDA:35,3,0,0
BRDA:35,3,1,0
BRF:8
BRH:4
end_of_record
