TN:
SF:src\add.js
FN:16,(anonymous_0)
FNF:1
FNH:1
FNDA:5,(anonymous_0)
DA:16,5
LF:1
LH:1
BRF:0
BRH:0
end_of_record
TN:
SF:src\capitalize.js
FN:17,(anonymous_0)
FNF:1
FNH:1
FNDA:3,(anonymous_0)
DA:17,3
LF:1
LH:1
BRF:0
BRH:0
end_of_record
TN:
SF:src\chunk.js
FN:22,chunk
FNF:1
FNH:1
FNDA:1,chunk
DA:23,1
DA:24,1
DA:25,1
DA:26,0
DA:28,1
DA:29,1
DA:30,1
DA:32,1
DA:33,2
DA:35,1
LF:10
LH:9
BRDA:22,0,0,0
BRDA:24,1,0,0
BRDA:24,1,1,1
BRDA:25,2,0,0
BRDA:25,2,1,1
BRDA:25,3,0,1
BRDA:25,3,1,1
BRF:7
BRH:4
end_of_record
TN:
SF:src\eq.js
FN:31,eq
FNF:1
FNH:1
FNDA:1,eq
DA:32,1
LF:1
LH:1
BRDA:32,0,0,1
BRDA:32,0,1,0
BRDA:32,0,2,0
BRF:3
BRH:1
end_of_record
TN:
SF:src\filter.js
FN:24,filter
FNF:1
FNH:1
FNDA:1,filter
DA:25,1
DA:26,1
DA:27,1
DA:28,1
DA:30,1
DA:31,2
DA:32,2
DA:33,1
DA:36,1
LF:9
LH:9
BRDA:27,0,0,0
BRDA:27,0,1,1
BRDA:32,1,0,1
BRDA:32,1,1,1
BRF:4
BRH:3
end_of_record
TN:
SF:src\isEmpty.js
FN:45,isEmpty
FNF:1
FNH:1
FNDA:10,isEmpty
DA:9,1
DA:46,10
DA:47,1
DA:49,9
DA:52,3
DA:54,6
DA:55,6
DA:56,2
DA:58,4
DA:59,0
DA:61,4
DA:62,1
DA:63,1
DA:66,3
LF:14
LH:13
BRDA:46,0,0,1
BRDA:46,0,1,9
BRDA:49,1,0,3
BRDA:49,1,1,6
BRDA:49,2,0,9
BRDA:49,2,1,3
BRDA:49,2,2,1
BRDA:49,2,3,0
BRDA:49,2,4,0
BRDA:49,2,5,0
BRDA:49,2,6,0
BRDA:55,3,0,2
BRDA:55,3,1,4
BRDA:55,4,0,6
BRDA:55,4,1,5
BRDA:58,5,0,0
BRDA:58,5,1,4
BRDA:62,6,0,1
BRDA:62,6,1,0
BRF:19
BRH:13
end_of_record
TN:
SF:src\map.js
FN:19,map
FNF:1
FNH:1
FNDA:3,map
DA:20,3
DA:21,3
DA:22,3
DA:24,3
DA:25,6
DA:27,3
LF:6
LH:6
BRDA:21,0,0,0
BRDA:21,0,1,3
BRF:2
BRH:1
end_of_record
TN:
SF:src\slice.js
FN:21,slice
FNF:1
FNH:1
FNDA:3,slice
DA:22,3
DA:23,3
DA:24,0
DA:26,3
DA:27,3
DA:29,3
DA:30,0
DA:32,3
DA:33,0
DA:35,3
DA:36,3
DA:38,3
DA:39,3
DA:40,3
DA:41,7
DA:43,3
LF:16
LH:13
BRDA:22,0,0,0
BRDA:22,0,1,3
BRDA:23,1,0,0
BRDA:23,1,1,3
BRDA:26,2,0,0
BRDA:26,2,1,3
BRDA:27,3,0,1
BRDA:27,3,1,2
BRDA:29,4,0,0
BRDA:29,4,1,3
BRDA:30,5,0,0
BRDA:30,5,1,0
BRDA:32,6,0,0
BRDA:32,6,1,3
BRDA:35,7,0,0
BRDA:35,7,1,3
BRF:16
BRH:8
end_of_record
TN:
SF:src\toNumber.js
FN:44,toNumber
FNF:1
FNH:1
FNDA:2,toNumber
DA:5,2
DA:8,2
DA:11,2
DA:14,2
DA:17,2
DA:20,2
DA:45,2
DA:46,1
DA:48,1
DA:49,0
DA:51,1
DA:52,0
DA:53,0
DA:55,1
DA:56,0
DA:58,1
DA:59,1
DA:60,1
LF:18
LH:14
BRDA:45,0,0,1
BRDA:45,0,1,1
BRDA:48,1,0,0
BRDA:48,1,1,1
BRDA:51,2,0,0
BRDA:51,2,1,1
BRDA:52,3,0,0
BRDA:52,3,1,0
BRDA:53,4,0,0
BRDA:53,4,1,0
BRDA:55,5,0,0
BRDA:55,5,1,1
BRDA:56,6,0,0
BRDA:56,6,1,0
BRDA:60,7,0,0
BRDA:60,7,1,1
BRDA:60,8,0,1
BRDA:60,8,1,1
BRDA:61,9,0,0
BRDA:61,9,1,0
BRDA:62,10,0,0
BRDA:62,10,1,1
BRF:22
BRH:9
end_of_record
TN:
SF:src\words.js
FN:10,asciiWords
FN:30,words
FNF:2
FNH:2
FNDA:1,asciiWords
FNDA:1,words
DA:3,1
DA:8,1
DA:11,1
DA:31,1
DA:32,1
DA:33,1
DA:35,0
LF:7
LH:6
BRDA:31,0,0,1
BRDA:31,0,1,0
BRDA:32,1,0,0
BRDA:32,1,1,1
BRDA:33,2,0,1
BRDA:33,2,1,0
BRDA:35,3,0,0
BRDA:35,3,1,0
BRF:8
BRH:3
end_of_record
